2024-05-21 05:52:16,761 [INFO ]  Machine name: titan
2024-05-21 05:52:16,761 [INFO ]  Arguments: 
2024-05-21 05:52:16,761 [INFO ]  Namespace(appliances=['kettle', 'fridge', 'microwave', 'washingmachine', 'dishwasher'], datadir='/home/lindo/Develop/nilm-datasets/my-house', panel='house', model_dir='/home/lindo/Develop/nilm/ml/models', results_dir='/home/lindo/Develop/nilm/ml/results', not_before=datetime.datetime(2024, 4, 30, 0, 0), model_arch='cnn_fine_tune', plot=True, show_rt_preds=True, show_gt=True)
2024-05-21 05:52:16,761 [INFO ]  Using alt standardization.
2024-05-21 05:52:16,761 [INFO ]  Found mains real power files: ['/home/lindo/Develop/nilm-datasets/my-house/house/samples_03_28_24.csv', '/home/lindo/Develop/nilm-datasets/my-house/house/samples_02_14_24.csv', '/home/lindo/Develop/nilm-datasets/my-house/house/samples_02_28_24.csv', '/home/lindo/Develop/nilm-datasets/my-house/house/samples_05_17_24.csv', '/home/lindo/Develop/nilm-datasets/my-house/house/samples_02_25_24.csv', '/home/lindo/Develop/nilm-datasets/my-house/house/samples_04_20_24.csv', '/home/lindo/Develop/nilm-datasets/my-house/house/samples_03_08_24.csv', '/home/lindo/Develop/nilm-datasets/my-house/house/samples_03_18_24.csv', '/home/lindo/Develop/nilm-datasets/my-house/house/samples_04_15_24a.csv', '/home/lindo/Develop/nilm-datasets/my-house/house/samples_04_22_24.csv', '/home/lindo/Develop/nilm-datasets/my-house/house/samples_04_22_24_pm.csv', '/home/lindo/Develop/nilm-datasets/my-house/house/samples_02_15_24.csv', '/home/lindo/Develop/nilm-datasets/my-house/house/samples_04_15_24.csv', '/home/lindo/Develop/nilm-datasets/my-house/house/samples_04_29_24.csv', '/home/lindo/Develop/nilm-datasets/my-house/house/samples_04_06_24.csv'].
2024-05-21 05:52:20,043 [INFO ]  There are 0.183M real power samples.
2024-05-21 05:52:20,043 [INFO ]  Found ground truth files: ['/home/lindo/Develop/nilm-datasets/my-house/house/appliance_energy_data_032824.csv', '/home/lindo/Develop/nilm-datasets/my-house/house/appliance_energy_data_021624.csv', '/home/lindo/Develop/nilm-datasets/my-house/house/appliance_energy_data_021424.csv', '/home/lindo/Develop/nilm-datasets/my-house/house/appliance_energy_data_022824.csv', '/home/lindo/Develop/nilm-datasets/my-house/house/appliance_energy_data_051724.csv', '/home/lindo/Develop/nilm-datasets/my-house/house/appliance_energy_data_042924.csv', '/home/lindo/Develop/nilm-datasets/my-house/house/appliance_energy_data_041124.csv', '/home/lindo/Develop/nilm-datasets/my-house/house/appliance_energy_data_042224.csv', '/home/lindo/Develop/nilm-datasets/my-house/house/appliance_energy_data_041524.csv', '/home/lindo/Develop/nilm-datasets/my-house/house/appliance_energy_data_030824.csv', '/home/lindo/Develop/nilm-datasets/my-house/house/appliance_energy_data_022524.csv', '/home/lindo/Develop/nilm-datasets/my-house/house/appliance_energy_data_042224pm.csv', '/home/lindo/Develop/nilm-datasets/my-house/house/appliance_energy_data_042024.csv', '/home/lindo/Develop/nilm-datasets/my-house/house/appliance_energy_data_031924.csv', '/home/lindo/Develop/nilm-datasets/my-house/house/appliance_energy_data_021124.csv', '/home/lindo/Develop/nilm-datasets/my-house/house/appliance_energy_data_021224.csv'].
2024-05-21 05:52:37,160 [INFO ]  Making power predictions.
2024-05-21 05:52:37,979 [WARNI]  No training configuration found in save file, so the model was *not* compiled. Compile it manually.
2024-05-21 05:52:43,021 [WARNI]  No training configuration found in save file, so the model was *not* compiled. Compile it manually.
2024-05-21 05:52:44,044 [WARNI]  No training configuration found in save file, so the model was *not* compiled. Compile it manually.
2024-05-21 05:52:45,165 [WARNI]  No training configuration found in save file, so the model was *not* compiled. Compile it manually.
2024-05-21 05:52:46,163 [WARNI]  No training configuration found in save file, so the model was *not* compiled. Compile it manually.
2024-05-21 05:52:50,263 [INFO ]  
***Performance metrics of predictions vs ground truth***
2024-05-21 05:52:50,264 [INFO ]  
Predictions vs Ground Truth Metrics for kettle:
2024-05-21 05:52:50,311 [INFO ]  True positives: 43
True negatives: 182039
False positives: 1
False negatives: 79
Accuracy: 0.999560830469582
MCC: 0.5867625812969607
F1: 0.5180722891566265
MAE: 0.796317759028322 (W)
NDE: 0.6535339470071813
SAE: 0.6708902739796268
Ground truth EPD: 27.77235647390784 (Wh)
Predicted EPD: 9.140152630067949 (Wh)
EPD Relative Error: -67.08902739796268 (%)
2024-05-21 05:52:50,312 [INFO ]  
Predictions vs Ground Truth Metrics for fridge:
2024-05-21 05:52:50,365 [INFO ]  True positives: 69997
True negatives: 88687
False positives: 10380
False negatives: 13095
Accuracy: 0.8711290685609825
MCC: 0.7399101029299352
F1: 0.8563947904495653
MAE: 21.786143049068887 (W)
NDE: 0.30266353755144887
SAE: 0.21875930848123024
Ground truth EPD: 1215.411836911709 (Wh)
Predicted EPD: 949.0205886479201 (Wh)
EPD Relative Error: -21.91777635971307 (%)
2024-05-21 05:52:50,365 [INFO ]  
Predictions vs Ground Truth Metrics for microwave:
2024-05-21 05:52:50,411 [INFO ]  True positives: 961
True negatives: 180462
False positives: 429
False negatives: 294
Accuracy: 0.9960306567259232
MCC: 0.7256197348751459
F1: 0.7266540642722118
MAE: 5.003031357197043 (W)
NDE: 0.3946625243015994
SAE: 0.2527785204413051
Ground truth EPD: 205.01464978643506 (Wh)
Predicted EPD: 153.1913499446277 (Wh)
EPD Relative Error: -25.2778520441305 (%)
2024-05-21 05:52:50,411 [INFO ]  
Predictions vs Ground Truth Metrics for washingmachine:
2024-05-21 05:52:50,457 [INFO ]  True positives: 4482
True negatives: 175285
False positives: 12
False negatives: 2380
Accuracy: 0.9868686147815919
MCC: 0.8016240607051578
F1: 0.7893624515674533
MAE: 3.964774032294021 (W)
NDE: 0.7560553684262684
SAE: 0.6771913251876184
Ground truth EPD: 119.77966940969155 (Wh)
Predicted EPD: 38.66591635160769 (Wh)
EPD Relative Error: -67.71913251876184 (%)
2024-05-21 05:52:50,458 [INFO ]  
Predictions vs Ground Truth Metrics for dishwasher:
2024-05-21 05:52:50,504 [INFO ]  True positives: 8684
True negatives: 170833
False positives: 1690
False negatives: 902
Accuracy: 0.9857667660576908
MCC: 0.8633767571383458
F1: 0.8701402805611222
MAE: 6.909255814402721 (W)
NDE: 0.12088737658298158
SAE: 0.2237633015282632
Ground truth EPD: 559.22369569873 (Wh)
Predicted EPD: 434.0899552563454 (Wh)
EPD Relative Error: -22.376330152826323 (%)
2024-05-21 05:52:50,504 [INFO ]  
***Performance metrics of real-time predictions vs ground truth***
2024-05-21 05:52:50,504 [INFO ]  
RT Predictions vs Ground Truth Metrics for kettle:
2024-05-21 05:52:50,546 [INFO ]  True positives: 29
True negatives: 183048
False positives: 6
False negatives: 93
Accuracy: 0.9994595361837796
MCC: 0.4436300869410514
F1: 0.36942675159235666
MAE: 0.9528463328084337 (W)
NDE: 0.7989860166209574
SAE: 0.7376523074430018
Ground truth EPD: 27.61861815958422 (Wh)
Predicted EPD: 7.2456807457797305 (Wh)
EPD Relative Error: -73.76523074430017 (%)
2024-05-21 05:52:50,546 [INFO ]  
RT Predictions vs Ground Truth Metrics for fridge:
2024-05-21 05:52:50,595 [INFO ]  True positives: 59391
True negatives: 90907
False positives: 8861
False negatives: 24014
Accuracy: 0.8205248590130642
MCC: 0.6419571229221296
F1: 0.7832279420006989
MAE: 26.57706179634995 (W)
NDE: 0.41733411735952525
SAE: 0.3732242627626187
Ground truth EPD: 1215.2330747435485 (Wh)
Predicted EPD: 761.6786063376375 (Wh)
EPD Relative Error: -37.32242627626186 (%)
2024-05-21 05:52:50,595 [INFO ]  
RT Predictions vs Ground Truth Metrics for microwave:
2024-05-21 05:52:50,637 [INFO ]  True positives: 855
True negatives: 181544
False positives: 353
False negatives: 408
Accuracy: 0.9958451626992794
MCC: 0.6901103356209919
F1: 0.6920275192229866
MAE: 5.472585390156511 (W)
NDE: 0.4607314816983653
SAE: 0.44637464937817206
Ground truth EPD: 205.26023585935795 (Wh)
Predicted EPD: 113.63727004635615 (Wh)
EPD Relative Error: -44.6374649378172 (%)
2024-05-21 05:52:50,637 [INFO ]  
RT Predictions vs Ground Truth Metrics for washingmachine:
2024-05-21 05:52:50,680 [INFO ]  True positives: 4535
True negatives: 176311
False positives: 0
False negatives: 2327
Accuracy: 0.9872961626440578
MCC: 0.8076367440329608
F1: 0.7958234623146442
MAE: 4.119515410510508 (W)
NDE: 0.8164188844979741
SAE: 0.7272273074559136
Ground truth EPD: 119.11659906208887 (Wh)
Predicted EPD: 32.49175545286036 (Wh)
EPD Relative Error: -72.72273074559136 (%)
2024-05-21 05:52:50,680 [INFO ]  
RT Predictions vs Ground Truth Metrics for dishwasher:
2024-05-21 05:52:50,723 [INFO ]  True positives: 7230
True negatives: 173071
False positives: 465
False negatives: 2356
Accuracy: 0.9845949694739027
MCC: 0.8342883259165984
F1: 0.8367571321104103
MAE: 12.023157293663658 (W)
NDE: 0.34113597611366
SAE: 0.49537140257179274
Ground truth EPD: 556.1301645897271 (Wh)
Predicted EPD: 280.63918494443203 (Wh)
EPD Relative Error: -49.537140257179274 (%)
