2023-12-12 20:25:26,118 [INFO ]  Machine name: titan
2023-12-12 20:25:26,118 [INFO ]  Arguments: 
2023-12-12 20:25:26,118 [INFO ]  Namespace(appliance_name='kettle', model_arch='cnn', datadir='/home/lindo/Develop/nilm/ml/dataset_management/refit', save_dir='/home/lindo/Develop/nilm/ml/models', crop=None, evaluate=True, num_eval=432000, test_type='test', prune=False, quant_mode='w8_a8_fallback', debug_model=False, fix_model=True, use_tpu=False)
2023-12-12 20:25:26,118 [INFO ]  Savemodel file path: /home/lindo/Develop/nilm/ml/models/kettle/savemodel_cnn
2023-12-12 20:25:27,463 [WARNI]  No training configuration found in save file, so the model was *not* compiled. Compile it manually.
2023-12-12 20:25:27,465 [INFO ]  dataset: /home/lindo/Develop/nilm/ml/dataset_management/refit/kettle/kettle_test_H2.csv
2023-12-12 20:25:28,311 [INFO ]  Loaded 5.734M samples from dataset.
2023-12-12 20:25:28,316 [INFO ]  Converting model to tflite using w8_a8_fallback quantization.
2023-12-12 20:25:28,316 [INFO ]  Selectively quantizing model using debug results file: /home/lindo/Develop/nilm/ml/models/kettle/kettle_cnn_debug_w8_a8_fallback.csv.
2023-12-12 20:25:28,894 [INFO ]  Assets written to: /tmp/tmpje819fqi/assets
2023-12-12 20:27:48,744 [INFO ]  Layers kept in float: ['cnn/dense/MatMul;cnn/dense/Relu;cnn/dense/BiasAdd', 'StatefulPartitionedCall:0']
2023-12-12 20:27:48,744 [INFO ]  Keep large ranges: False
2023-12-12 20:27:48,744 [INFO ]  Keep first n layers: 0
2023-12-12 20:27:48,744 [INFO ]  Ops kept in float: None
2023-12-12 20:27:49,546 [INFO ]  Quantized tflite model saved to /home/lindo/Develop/nilm/ml/models/kettle/kettle_cnn_w8_a8_fallback_fixed.tflite.
2023-12-12 20:27:49,586 [INFO ]  interpreter input details: [{'name': 'serving_default_conv1d_input:0', 'index': 0, 'shape': array([  1, 599,   1], dtype=int32), 'shape_signature': array([ -1, 599,   1], dtype=int32), 'dtype': <class 'numpy.float32'>, 'quantization': (0.0, 0), 'quantization_parameters': {'scales': array([], dtype=float32), 'zero_points': array([], dtype=int32), 'quantized_dimension': 0}, 'sparsity_parameters': {}}]
2023-12-12 20:27:49,586 [INFO ]  interpreter output details: [{'name': 'StatefulPartitionedCall:0', 'index': 61, 'shape': array([1, 1], dtype=int32), 'shape_signature': array([-1,  1], dtype=int32), 'dtype': <class 'numpy.float32'>, 'quantization': (0.0, 0), 'quantization_parameters': {'scales': array([], dtype=float32), 'zero_points': array([], dtype=int32), 'quantized_dimension': 0}, 'sparsity_parameters': {}}]
2023-12-12 20:27:49,586 [INFO ]  tflite model floating input: True
2023-12-12 20:27:49,586 [INFO ]  tflite model floating output: True
2023-12-12 20:27:49,700 [INFO ]  Running inference on 432000 samples...
2023-12-12 20:30:03,414 [INFO ]  Inference run complete.
2023-12-12 20:30:03,414 [INFO ]  Inference rate: 3230.795 Hz
2023-12-12 20:30:03,579 [INFO ]  De-normalizing predictions with mean = 0 and std = 3100.
2023-12-12 20:30:03,580 [INFO ]  appliance threshold: 2000.0
2023-12-12 20:30:03,613 [INFO ]  True positives: 1656
2023-12-12 20:30:03,615 [INFO ]  True negatives: 428620
2023-12-12 20:30:03,615 [INFO ]  False positives: 248
2023-12-12 20:30:03,616 [INFO ]  False negatives: 1476
2023-12-12 20:30:03,617 [INFO ]  Accuracy: 0.9960092592592592
2023-12-12 20:30:03,619 [INFO ]  MCC: 0.6764253343986696
2023-12-12 20:30:03,621 [INFO ]  F1: 0.6576648133439238
2023-12-12 20:30:03,641 [INFO ]  MAE: 8.6255709338718 (W)
2023-12-12 20:30:03,643 [INFO ]  NDE: 0.5369829890241926
2023-12-12 20:30:03,644 [INFO ]  SAE: 0.3945817116970741
2023-12-12 20:30:03,648 [INFO ]  Ground truth EPD: 367.7028449232313 (Wh)
2023-12-12 20:30:03,651 [INFO ]  Predicted EPD: 222.61402697753905 (Wh)
2023-12-12 20:30:03,651 [INFO ]  EPD Relative Error: -39.45817116970736 (%)
