2023-12-10 06:29:15,590 [INFO ]  Machine name: titan
2023-12-10 06:29:15,590 [INFO ]  Arguments: 
2023-12-10 06:29:15,590 [INFO ]  Namespace(appliance_name='kettle', model_arch='cnn', datadir='/home/lindo/Develop/nilm/ml/dataset_management/refit', save_dir='/home/lindo/Develop/nilm/ml/models', crop=None, evaluate=True, num_eval=432000, test_type='test', prune=False, quant_mode='w8_a8', debug_model=False, fix_model=True, use_tpu=False)
2023-12-10 06:29:15,590 [INFO ]  Savemodel file path: /home/lindo/Develop/nilm/ml/models/kettle/savemodel_cnn
2023-12-10 06:29:16,924 [WARNI]  No training configuration found in save file, so the model was *not* compiled. Compile it manually.
2023-12-10 06:29:16,926 [INFO ]  dataset: /home/lindo/Develop/nilm/ml/dataset_management/refit/kettle/kettle_test_H2.csv
2023-12-10 06:29:17,770 [INFO ]  Loaded 5.734M samples from dataset.
2023-12-10 06:29:17,776 [INFO ]  Converting model to tflite using w8_a8 quantization.
2023-12-10 06:29:17,776 [INFO ]  Selectively quantizing model using debug results file: /home/lindo/Develop/nilm/ml/models/kettle/kettle_cnn_debug_w8_a8.csv.
2023-12-10 06:29:18,352 [INFO ]  Assets written to: /tmp/tmpv7k7mnt9/assets
2023-12-10 06:31:38,720 [INFO ]  Layers kept in float: ['cnn/dense/MatMul;cnn/dense/Relu;cnn/dense/BiasAdd', 'cnn/dense_1/MatMul;cnn/dense_1/Relu;cnn/dense_1/BiasAdd', 'StatefulPartitionedCall:0']
2023-12-10 06:31:38,720 [INFO ]  Ops kept in float: None
2023-12-10 06:31:39,476 [INFO ]  Quantized tflite model saved to /home/lindo/Develop/nilm/ml/models/kettle/kettle_cnn_w8_a8_fixed.tflite.
2023-12-10 06:31:39,513 [INFO ]  interpreter input details: [{'name': 'serving_default_conv1d_input:0', 'index': 0, 'shape': array([  1, 599,   1], dtype=int32), 'shape_signature': array([ -1, 599,   1], dtype=int32), 'dtype': <class 'numpy.float32'>, 'quantization': (0.0, 0), 'quantization_parameters': {'scales': array([], dtype=float32), 'zero_points': array([], dtype=int32), 'quantized_dimension': 0}, 'sparsity_parameters': {}}]
2023-12-10 06:31:39,513 [INFO ]  interpreter output details: [{'name': 'StatefulPartitionedCall:0', 'index': 59, 'shape': array([1, 1], dtype=int32), 'shape_signature': array([-1,  1], dtype=int32), 'dtype': <class 'numpy.float32'>, 'quantization': (0.0, 0), 'quantization_parameters': {'scales': array([], dtype=float32), 'zero_points': array([], dtype=int32), 'quantized_dimension': 0}, 'sparsity_parameters': {}}]
2023-12-10 06:31:39,513 [INFO ]  tflite model floating input: True
2023-12-10 06:31:39,513 [INFO ]  tflite model floating output: True
2023-12-10 06:31:39,627 [INFO ]  Running inference on 432000 samples...
2023-12-10 06:33:54,558 [INFO ]  Inference run complete.
2023-12-10 06:33:54,559 [INFO ]  Inference rate: 3201.637 Hz
2023-12-10 06:33:54,721 [INFO ]  De-normalizing predictions with mean = 0 and std = 3100.
2023-12-10 06:33:54,722 [INFO ]  appliance threshold: 2000.0
2023-12-10 06:33:54,756 [INFO ]  True positives: 1054
2023-12-10 06:33:54,758 [INFO ]  True negatives: 428746
2023-12-10 06:33:54,758 [INFO ]  False positives: 122
2023-12-10 06:33:54,759 [INFO ]  False negatives: 2078
2023-12-10 06:33:54,760 [INFO ]  Accuracy: 0.9949074074074075
2023-12-10 06:33:54,762 [INFO ]  MCC: 0.5474830530410942
2023-12-10 06:33:54,764 [INFO ]  F1: 0.4893221912720519
2023-12-10 06:33:54,784 [INFO ]  MAE: 10.920308680216472 (W)
2023-12-10 06:33:54,786 [INFO ]  NDE: 0.6894470928596128
2023-12-10 06:33:54,787 [INFO ]  SAE: 0.6261520520580587
2023-12-10 06:33:54,791 [INFO ]  Ground truth EPD: 367.7028449232313 (Wh)
2023-12-10 06:33:54,794 [INFO ]  Predicted EPD: 137.46495402696397 (Wh)
2023-12-10 06:33:54,794 [INFO ]  EPD Relative Error: -62.61520520580584 (%)
