2023-12-12 19:00:37,085 [INFO ]  Machine name: titan
2023-12-12 19:00:37,085 [INFO ]  Arguments: 
2023-12-12 19:00:37,085 [INFO ]  Namespace(appliance_name='kettle', model_arch='cnn', datadir='/home/lindo/Develop/nilm/ml/dataset_management/refit', save_dir='/home/lindo/Develop/nilm/ml/models', crop=None, evaluate=True, num_eval=432000, test_type='test', prune=False, quant_mode='w8_a8', debug_model=False, fix_model=False, use_tpu=False)
2023-12-12 19:00:37,085 [INFO ]  Savemodel file path: /home/lindo/Develop/nilm/ml/models/kettle/savemodel_cnn
2023-12-12 19:00:38,455 [WARNI]  No training configuration found in save file, so the model was *not* compiled. Compile it manually.
2023-12-12 19:00:38,457 [INFO ]  dataset: /home/lindo/Develop/nilm/ml/dataset_management/refit/kettle/kettle_test_H2.csv
2023-12-12 19:00:39,302 [INFO ]  Loaded 5.734M samples from dataset.
2023-12-12 19:00:39,307 [INFO ]  Converting model to tflite using w8_a8 quantization.
2023-12-12 19:00:39,896 [INFO ]  Assets written to: /tmp/tmpd0m55s6n/assets
2023-12-12 19:03:02,108 [INFO ]  Quantized tflite model saved to /home/lindo/Develop/nilm/ml/models/kettle/kettle_cnn_w8_a8.tflite.
2023-12-12 19:03:02,144 [INFO ]  interpreter input details: [{'name': 'serving_default_conv1d_input:0', 'index': 0, 'shape': array([  1, 599,   1], dtype=int32), 'shape_signature': array([ -1, 599,   1], dtype=int32), 'dtype': <class 'numpy.float32'>, 'quantization': (0.0, 0), 'quantization_parameters': {'scales': array([], dtype=float32), 'zero_points': array([], dtype=int32), 'quantized_dimension': 0}, 'sparsity_parameters': {}}]
2023-12-12 19:03:02,144 [INFO ]  interpreter output details: [{'name': 'StatefulPartitionedCall:0', 'index': 59, 'shape': array([1, 1], dtype=int32), 'shape_signature': array([-1,  1], dtype=int32), 'dtype': <class 'numpy.float32'>, 'quantization': (0.0, 0), 'quantization_parameters': {'scales': array([], dtype=float32), 'zero_points': array([], dtype=int32), 'quantized_dimension': 0}, 'sparsity_parameters': {}}]
2023-12-12 19:03:02,144 [INFO ]  tflite model floating input: True
2023-12-12 19:03:02,144 [INFO ]  tflite model floating output: True
2023-12-12 19:03:02,259 [INFO ]  Running inference on 432000 samples...
2023-12-12 19:04:26,591 [INFO ]  Inference run complete.
2023-12-12 19:04:26,591 [INFO ]  Inference rate: 5122.638 Hz
2023-12-12 19:04:26,757 [INFO ]  De-normalizing predictions with mean = 0 and std = 3100.
2023-12-12 19:04:26,758 [INFO ]  appliance threshold: 2000.0
2023-12-12 19:04:26,792 [INFO ]  True positives: 1687
2023-12-12 19:04:26,793 [INFO ]  True negatives: 428563
2023-12-12 19:04:26,794 [INFO ]  False positives: 305
2023-12-12 19:04:26,794 [INFO ]  False negatives: 1445
2023-12-12 19:04:26,796 [INFO ]  Accuracy: 0.9959490740740741
2023-12-12 19:04:26,798 [INFO ]  MCC: 0.673611202382389
2023-12-12 19:04:26,799 [INFO ]  F1: 0.6584699453551912
2023-12-12 19:04:26,819 [INFO ]  MAE: 8.767660523591218 (W)
2023-12-12 19:04:26,821 [INFO ]  NDE: 0.5447141347687091
2023-12-12 19:04:26,823 [INFO ]  SAE: 0.36699899713618017
2023-12-12 19:04:26,826 [INFO ]  Ground truth EPD: 367.7028449232313 (Wh)
2023-12-12 19:04:26,830 [INFO ]  Predicted EPD: 232.75626959228515 (Wh)
2023-12-12 19:04:26,830 [INFO ]  EPD Relative Error: -36.69989971361798 (%)
