2023-12-12 05:26:27,972 [INFO ]  Machine name: titan
2023-12-12 05:26:27,973 [INFO ]  Arguments: 
2023-12-12 05:26:27,973 [INFO ]  Namespace(appliance_name='washingmachine', model_arch='cnn', datadir='/home/lindo/Develop/nilm/ml/dataset_management/refit', save_dir='/home/lindo/Develop/nilm/ml/models', crop=None, evaluate=False, num_eval=432000, test_type='test', prune=False, quant_mode='w8_a8_fallback', debug_model=True, fix_model=False, use_tpu=False)
2023-12-12 05:26:27,973 [INFO ]  Savemodel file path: /home/lindo/Develop/nilm/ml/models/washingmachine/savemodel_cnn
2023-12-12 05:26:29,318 [WARNI]  No training configuration found in save file, so the model was *not* compiled. Compile it manually.
2023-12-12 05:26:29,320 [INFO ]  dataset: /home/lindo/Develop/nilm/ml/dataset_management/refit/washingmachine/washingmachine_test_H8.csv
2023-12-12 05:26:30,206 [INFO ]  Loaded 6.118M samples from dataset.
2023-12-12 05:26:30,212 [INFO ]  Converting model to tflite using w8_a8_fallback quantization.
2023-12-12 05:26:30,212 [INFO ]  Debugging model...
2023-12-12 05:26:30,783 [INFO ]  Assets written to: /tmp/tmpcfm1cjo8/assets
2023-12-12 05:33:06,315 [INFO ]  Saving debug results to /home/lindo/Develop/nilm/ml/models/washingmachine/washingmachine_cnn_debug_w8_a8_fallback.csv.
2023-12-12 05:33:06,317 [INFO ]              op_name  tensor_idx  num_elements        stddev    mean_error  max_abs_error  mean_squared_error     scale  zero_point                                        tensor_name
0       EXPAND_DIMS          46         599.0  3.455009e-02  5.230869e-03   6.001670e-02        1.325586e-03  0.121390        -124                       cnn/conv1d/Conv1D/ExpandDims
1           CONV_2D          50        9584.0  8.789783e-03 -4.670972e-04   3.468952e-02        8.000954e-05  0.049493        -128  cnn/conv1d/Relu;cnn/conv1d/BiasAdd;cnn/conv1d/...
2           RESHAPE          54        9584.0  7.366147e-08 -1.747723e-08   2.697195e-07        5.954681e-15  0.049493        -128  cnn/conv1d/Relu;cnn/conv1d/BiasAdd;cnn/conv1d/...
3       EXPAND_DIMS          58        9584.0  7.366147e-08 -1.747723e-08   2.697195e-07        5.954681e-15  0.049493        -128                       cnn/max_pooling1d/ExpandDims
4       MAX_POOL_2D          62        4800.0  7.881182e-08 -1.969536e-08   2.656841e-07        6.868896e-15  0.049493        -128                          cnn/max_pooling1d/MaxPool
5           RESHAPE          66        4800.0  7.881182e-08 -1.969536e-08   2.656841e-07        6.868896e-15  0.049493        -128                         cnn/max_pooling1d/Squeeze1
6       EXPAND_DIMS          70        4800.0  7.881182e-08 -1.969536e-08   2.656841e-07        6.868896e-15  0.049493        -128                     cnn/conv1d_1/Conv1D/ExpandDims
7           CONV_2D          74        9600.0  1.120784e-02 -1.891992e-03   4.789535e-02        1.313826e-04  0.058944        -128  cnn/conv1d_1/Relu;cnn/conv1d_1/BiasAdd;cnn/con...
8           RESHAPE          78        9600.0  8.923768e-09  3.251805e-09   1.351093e-07        1.314343e-16  0.058944        -128  cnn/conv1d_1/Relu;cnn/conv1d_1/BiasAdd;cnn/con...
9       EXPAND_DIMS          82        9600.0  8.923768e-09  3.251805e-09   1.351093e-07        1.314343e-16  0.058944        -128                     cnn/max_pooling1d_1/ExpandDims
10      MAX_POOL_2D          86        4800.0  1.057231e-08  4.309657e-09   1.348941e-07        1.931088e-16  0.058944        -128                        cnn/max_pooling1d_1/MaxPool
11          RESHAPE          90        4800.0  1.057231e-08  4.309657e-09   1.348941e-07        1.931088e-16  0.058944        -128                       cnn/max_pooling1d_1/Squeeze1
12      EXPAND_DIMS          94        4800.0  1.057231e-08  4.309657e-09   1.348941e-07        1.931088e-16  0.058944        -128                     cnn/conv1d_2/Conv1D/ExpandDims
13          CONV_2D          98        9600.0  6.634122e-03 -5.509946e-04   2.509581e-02        4.461871e-05  0.039734        -128  cnn/conv1d_2/Relu;cnn/conv1d_2/BiasAdd;cnn/con...
14          RESHAPE         102        9600.0  7.017254e-08  1.818663e-08   2.382827e-07        5.314837e-15  0.039734        -128  cnn/conv1d_2/Relu;cnn/conv1d_2/BiasAdd;cnn/con...
15      EXPAND_DIMS         106        9600.0  7.017254e-08  1.818663e-08   2.382827e-07        5.314837e-15  0.039734        -128                     cnn/max_pooling1d_2/ExpandDims
16      MAX_POOL_2D         110        4800.0  7.846787e-08  2.120994e-08   2.382827e-07        6.673781e-15  0.039734        -128                        cnn/max_pooling1d_2/MaxPool
17          RESHAPE         114        4800.0  7.846787e-08  2.120994e-08   2.382827e-07        6.673781e-15  0.039734        -128                       cnn/max_pooling1d_2/Squeeze1
18      EXPAND_DIMS         118        4800.0  7.846787e-08  2.120994e-08   2.382827e-07        6.673781e-15  0.039734        -128                     cnn/conv1d_3/Conv1D/ExpandDims
19          CONV_2D         122        9600.0  5.134166e-03 -1.275362e-04   2.261476e-02        2.648285e-05  0.035445        -128  cnn/conv1d_3/Relu;cnn/conv1d_3/BiasAdd;cnn/con...
20          RESHAPE         126        9600.0  6.567412e-08 -1.442950e-08   2.359392e-07        4.556231e-15  0.035445        -128  cnn/conv1d_3/Relu;cnn/conv1d_3/BiasAdd;cnn/con...
21      EXPAND_DIMS         130        9600.0  6.567412e-08 -1.442950e-08   2.359392e-07        4.556231e-15  0.035445        -128                     cnn/max_pooling1d_3/ExpandDims
22      MAX_POOL_2D         134        4864.0  7.558362e-08 -1.815695e-08   2.358271e-07        6.082456e-15  0.035445        -128                        cnn/max_pooling1d_3/MaxPool
23          RESHAPE         138        4864.0  7.558362e-08 -1.815695e-08   2.358271e-07        6.082456e-15  0.035445        -128                       cnn/max_pooling1d_3/Squeeze1
24      EXPAND_DIMS         142        4864.0  7.558362e-08 -1.815695e-08   2.358271e-07        6.082456e-15  0.035445        -128                     cnn/conv1d_4/Conv1D/ExpandDims
25          CONV_2D         146        9728.0  1.926596e-03  2.403354e-06   1.691166e-02        3.743112e-06  0.020204        -128  cnn/conv1d_4/Relu;cnn/conv1d_4/BiasAdd;cnn/con...
26          RESHAPE         150        9728.0  2.178990e-08  1.599377e-10   1.199224e-07        4.788599e-16  0.020204        -128                                cnn/flatten/Reshape
27  FULLY_CONNECTED         154        1024.0  2.985649e-03  1.459555e-05   3.613650e-02        1.031486e-05  0.028507        -128  cnn/dense/MatMul;cnn/dense/Relu;cnn/dense/BiasAdd
28  FULLY_CONNECTED         158         512.0  2.364962e-03 -1.500587e-06   2.409874e-02        6.779701e-06  0.014869        -128  cnn/dense_1/MatMul;cnn/dense_1/Relu;cnn/dense_...
29  FULLY_CONNECTED         162           1.0  0.000000e+00 -2.883261e-03   3.247206e-03        1.691695e-05  0.004323        -121                          StatefulPartitionedCall:0
2023-12-12 05:33:06,337 [INFO ]              op_name      range    rmse/scale
0       EXPAND_DIMS  30.954547  2.999299e-01
1           CONV_2D  12.620701  1.807289e-01
2           RESHAPE  12.620701  1.559143e-06
3       EXPAND_DIMS  12.620701  1.559143e-06
4       MAX_POOL_2D  12.620701  1.674558e-06
5           RESHAPE  12.620701  1.674558e-06
6       EXPAND_DIMS  12.620701  1.674558e-06
7           CONV_2D  15.030776  1.944588e-01
8           RESHAPE  15.030776  1.944971e-07
9       EXPAND_DIMS  15.030776  1.944971e-07
10      MAX_POOL_2D  15.030776  2.357544e-07
11          RESHAPE  15.030776  2.357544e-07
12      EXPAND_DIMS  15.030776  2.357544e-07
13          CONV_2D  10.132236  1.681099e-01
14          RESHAPE  10.132236  1.834762e-06
15      EXPAND_DIMS  10.132236  1.834762e-06
16      MAX_POOL_2D  10.132236  2.055989e-06
17          RESHAPE  10.132236  2.055989e-06
18      EXPAND_DIMS  10.132236  2.055989e-06
19          CONV_2D   9.038437  1.451875e-01
20          RESHAPE   9.038437  1.904363e-06
21      EXPAND_DIMS   9.038437  1.904363e-06
22      MAX_POOL_2D   9.038437  2.200323e-06
23          RESHAPE   9.038437  2.200323e-06
24      EXPAND_DIMS   9.038437  2.200323e-06
25          CONV_2D   5.151932  9.576051e-02
26          RESHAPE   5.151932  1.083114e-06
27  FULLY_CONNECTED   7.269378  1.126613e-01
28  FULLY_CONNECTED   3.791720  1.751093e-01
29  FULLY_CONNECTED   1.102378  9.514168e-01
2023-12-12 05:33:06,882 [INFO ]  Saving debug results plot to /home/lindo/Develop/nilm/ml/models/washingmachine/washingmachine_cnn_debug_w8_a8_fallback.png.
2023-12-12 05:33:06,961 [INFO ]  Suspected layers: ['StatefulPartitionedCall:0']
2023-12-12 05:33:08,039 [INFO ]  Quantized tflite model saved to /home/lindo/Develop/nilm/ml/models/washingmachine/washingmachine_cnn_w8_a8_fallback.tflite.
